<?xml version="1.0" encoding="UTF-8"?>
<!-- Generated by org.testng.reporters.JUnitReportReporter -->
<testsuite hostname="D0844" name="PerformanceTest.Endpoint" tests="1" failures="0" timestamp="29 Jul 2015 10:05:27 GMT" time="3.307" errors="0">
  <testcase name="main" time="3.307" classname="PerformanceTest.Endpoint"/>
</testsuite> <!-- PerformanceTest.Endpoint -->
