<?xml version="1.0" encoding="UTF-8"?>
<!-- Generated by org.testng.reporters.JUnitReportReporter -->
<testsuite hostname="D0844" name="PerformanceTest.Performance_Login" tests="1" failures="0" timestamp="31 Jul 2015 07:33:32 GMT" time="499.449" errors="0">
  <testcase name="main" time="499.449" classname="PerformanceTest.Performance_Login"/>
</testsuite> <!-- PerformanceTest.Performance_Login -->
