<?xml version="1.0" encoding="UTF-8"?>
<!-- Generated by org.testng.reporters.JUnitReportReporter -->
<testsuite hostname="D0844" name="PerformanceTest.Document_List" tests="1" failures="0" timestamp="30 Jul 2015 19:04:25 GMT" time="36123.574" errors="0">
  <testcase name="main" time="36123.574" classname="PerformanceTest.Document_List"/>
</testsuite> <!-- PerformanceTest.Document_List -->
