<?xml version="1.0" encoding="UTF-8"?>
<!-- Generated by org.testng.reporters.JUnitReportReporter -->
<testsuite hostname="D0844" name="PerformanceTest.User" tests="1" failures="0" timestamp="7 Jul 2015 14:29:06 GMT" time="1.982" errors="0">
  <testcase name="main" time="1.982" classname="PerformanceTest.User"/>
</testsuite> <!-- PerformanceTest.User -->
