<?xml version="1.0" encoding="UTF-8"?>
<!-- Generated by org.testng.reporters.JUnitReportReporter -->
<testsuite hostname="D0844" name="PerformanceTest.Source_Activity" tests="1" failures="0" timestamp="7 Jul 2015 15:28:57 GMT" time="0.974" errors="0">
  <testcase name="main" time="0.974" classname="PerformanceTest.Source_Activity"/>
</testsuite> <!-- PerformanceTest.Source_Activity -->
