<?xml version="1.0" encoding="UTF-8"?>
<!-- Generated by org.testng.reporters.JUnitReportReporter -->
<testsuite hostname="D0844" name="PerformanceTest.User" tests="1" failures="0" timestamp="16 Jul 2015 13:16:35 GMT" time="2.933" errors="0">
  <testcase name="main" time="2.933" classname="PerformanceTest.User"/>
</testsuite> <!-- PerformanceTest.User -->
