<?xml version="1.0" encoding="UTF-8"?>
<!-- Generated by org.testng.reporters.JUnitReportReporter -->
<testsuite hostname="D0844" name="PerformanceTest.Endpoint" tests="1" failures="0" timestamp="16 Jul 2015 13:16:35 GMT" time="4.102" errors="0">
  <testcase name="main" time="4.102" classname="PerformanceTest.Endpoint"/>
</testsuite> <!-- PerformanceTest.Endpoint -->
