<?xml version="1.0" encoding="UTF-8"?>
<!-- Generated by org.testng.reporters.JUnitReportReporter -->
<testsuite hostname="D0844" name="PerformanceTest.Performance_Login" tests="1" failures="0" timestamp="16 Jul 2015 13:32:23 GMT" time="207.582" errors="0">
  <testcase name="main" time="207.582" classname="PerformanceTest.Performance_Login"/>
</testsuite> <!-- PerformanceTest.Performance_Login -->
